> Task :app:preBuild UP-TO-DATE
> Task :app:preDebugBuild UP-TO-DATE
> Task :app:compileDebugAidl NO-SOURCE
> Task :app:checkDebugManifest
> Task :app:compileDebugRenderscript NO-SOURCE
> Task :app:generateDebugBuildConfig
> Task :app:javaPreCompileDebug
> Task :app:mainApkListPersistenceDebug
> Task :app:generateDebugResValues
> Task :app:generateDebugResources
> Task :app:createDebugCompatibleScreenManifests
> Task :app:processDebugManifest
> Task :app:mergeDebugResources
> Task :app:processDebugResources
> Task :app:compileDebugJavaWithJavac
> Task :app:compileDebugSources
> Task :app:mergeDebugShaders
> Task :app:compileDebugShaders
> Task :app:generateDebugAssets
> Task :app:mergeDebugAssets
> Task :app:processDebugJavaRes NO-SOURCE
> Task :app:checkDebugDuplicateClasses
> Task :app:mergeDebugJavaResource
> Task :app:transformClassesWithDexBuilderForDebug
> Task :app:validateSigningDebug
> Task :app:signingConfigWriterDebug
> Task :app:mergeDebugJniLibFolders
> Task :app:preReleaseBuild UP-TO-DATE
> Task :app:compileReleaseAidl NO-SOURCE
> Task :app:compileReleaseRenderscript NO-SOURCE
> Task :app:checkReleaseManifest
> Task :app:generateReleaseBuildConfig
> Task :app:mainApkListPersistenceRelease
> Task :app:generateReleaseResValues
> Task :app:generateReleaseResources
> Task :app:mergeDebugNativeLibs
> Task :app:stripDebugDebugSymbols
> Task :app:createReleaseCompatibleScreenManifests
> Task :app:processReleaseManifest
> Task :app:javaPreCompileRelease
> Task :app:prepareLintJar
> Task :app:checkReleaseDuplicateClasses
> Task :app:mergeReleaseResources
> Task :app:processReleaseResources
> Task :app:compileReleaseJavaWithJavac
> Task :app:compileReleaseSources
> Task :app:lintVitalRelease SKIPPED
> Task :app:transformClassesWithDexBuilderForRelease
> Task :app:mergeReleaseShaders
> Task :app:compileReleaseShaders
> Task :app:generateReleaseAssets
> Task :app:mergeReleaseAssets
> Task :app:processReleaseJavaRes NO-SOURCE
> Task :app:signingConfigWriterRelease
> Task :app:mergeReleaseJniLibFolders
> Task :app:mergeReleaseJavaResource
> Task :app:mergeReleaseNativeLibs
> Task :app:lint
Calling mockable JAR artifact transform to create file: /private/var/folders/rg/y7myh0qj1sd58f02v_tgypvh0000gn/T/.gradle-test-kit-daniel/caches/transforms-2/files-2.1/2e2922c8ba061c71e362c5591cf3789e/android.jar with input /Applications/Android/sdk/platforms/android-28/android.jar
Ran lint on variant debug: 5 issues found
Ran lint on variant release: 5 issues found
Wrote HTML report to file:///private/var/folders/rg/y7myh0qj1sd58f02v_tgypvh0000gn/T/junit17030513231283164599/androidApplication_buildTask.sample/groovy/app/build/reports/lint-results.html
Wrote XML report to file:///private/var/folders/rg/y7myh0qj1sd58f02v_tgypvh0000gn/T/junit17030513231283164599/androidApplication_buildTask.sample/groovy/app/build/reports/lint-results.xml

> Task :app:stripReleaseDebugSymbols
> Task :app:preDebugUnitTestBuild UP-TO-DATE
> Task :app:processDebugUnitTestJavaRes NO-SOURCE
> Task :app:preReleaseUnitTestBuild UP-TO-DATE
> Task :app:processReleaseUnitTestJavaRes NO-SOURCE
> Task :app:javaPreCompileDebugUnitTest
> Task :app:compileDebugUnitTestJavaWithJavac
> Task :app:testDebugUnitTest
> Task :app:mergeExtDexRelease
> Task :app:mergeExtDexDebug
> Task :app:javaPreCompileReleaseUnitTest
> Task :app:compileReleaseUnitTestJavaWithJavac
> Task :app:testReleaseUnitTest
> Task :app:test
> Task :app:check
> Task :app:mergeDexDebug
> Task :app:packageDebug
> Task :app:assembleDebug
> Task :app:mergeDexRelease
> Task :app:packageRelease
> Task :app:assembleRelease
> Task :app:assemble
> Task :app:build

See https://docs.gradle.org/6.1-20191107041826+0000/userguide/command_line_interface.html#sec:command_line_warnings

BUILD SUCCESSFUL in 0s
55 actionable tasks: 55 executed
