
> Task :dependencyInsight
org.mongodb:bson:3.9.1
   variant "runtime" [
      org.gradle.status             = release (not requested)
      org.gradle.usage              = java-runtime
      org.gradle.component.category = library (not requested)
   ]

org.mongodb:bson:3.9.1
+--- org.mongodb:mongodb-driver-core:3.9.1
|    \--- org.mongodb:mongodb-driver-sync:3.9.1
|         \--- org.gradle.demo:producer:1.0
|              \--- runtimeClasspath
\--- org.mongodb:mongodb-driver-sync:3.9.1 (*)

org.mongodb:mongodb-driver-core:3.9.1
   variant "runtime" [
      org.gradle.status             = release (not requested)
      org.gradle.usage              = java-runtime
      org.gradle.component.category = library (not requested)
   ]

org.mongodb:mongodb-driver-core:3.9.1
\--- org.mongodb:mongodb-driver-sync:3.9.1
     \--- org.gradle.demo:producer:1.0
          \--- runtimeClasspath

org.mongodb:mongodb-driver-sync:3.9.1
   variant "runtime" [
      org.gradle.status             = release (not requested)
      org.gradle.usage              = java-runtime
      org.gradle.component.category = library (not requested)
   ]

org.mongodb:mongodb-driver-sync:3.9.1
\--- org.gradle.demo:producer:1.0
     \--- runtimeClasspath

(*) - dependencies omitted (listed previously)

A web-based, searchable dependency report is available by adding the --scan option.

BUILD SUCCESSFUL in 0s
1 actionable task: 1 executed
