
------------------------------------------------------------
Root Project
------------------------------------------------------------

Default tasks: dists

Build tasks
-----------
api:clean - Deletes the build directory (build)
api:libs - Builds the JAR
    api:compile - Compiles the source files
clean - Deletes the build directory (build)
dists - Builds the distribution [:api:libs, :webapp:libs]
    docs - Builds the documentation
webapp:clean - Deletes the build directory (build)
webapp:libs - Builds the JAR [:api:libs]
    webapp:compile - Compiles the source files

Help tasks
----------
dependencies - Displays the dependencies of root project 'projectReports'.
help - Displays a help message
projects - Displays the sub-projects of root project 'projectReports'.
properties - Displays the properties of root project 'projectReports'.
tasks - Displays the tasks in root project 'projectReports'.
