:model

------------------------------------------------------------
Root project
------------------------------------------------------------

+ model
    + person
          | Type:   	Person |
          | Origin: 	PersonRules#person(Person) |
        + firstName
              | Type:   	java.lang.String |
              | Origin: 	PersonRules#person(Person) |
              | Value:  	John |
        + lastName
              | Type:   	java.lang.String |
              | Origin: 	PersonRules#person(Person) |
              | Value:  	Smith |
    + tasks
          | Type:   	org.gradle.model.ModelMap<org.gradle.api.Task> |
          | Origin: 	Project.<init>.tasks() |
        + components
              | Type:   	org.gradle.api.reporting.components.ComponentReport |
              | Origin: 	tasks.addPlaceholderAction(components) |
              | Value:  	task ':components' |
        + dependencies
              | Type:   	org.gradle.api.tasks.diagnostics.DependencyReportTask |
              | Origin: 	tasks.addPlaceholderAction(dependencies) |
              | Value:  	task ':dependencies' |
        + dependencyInsight
              | Type:   	org.gradle.api.tasks.diagnostics.DependencyInsightReportTask |
              | Origin: 	tasks.addPlaceholderAction(dependencyInsight) |
              | Value:  	task ':dependencyInsight' |
        + hello
              | Type:   	org.gradle.api.Task |
              | Origin: 	PersonRules#createHelloTask(org.gradle.model.ModelMap<org.gradle.api.Task>, Person) > create(hello) |
              | Value:  	task ':hello' |
        + help
              | Type:   	org.gradle.configuration.Help |
              | Origin: 	tasks.addPlaceholderAction(help) |
              | Value:  	task ':help' |
        + init
              | Type:   	org.gradle.buildinit.tasks.InitBuild |
              | Origin: 	tasks.addPlaceholderAction(init) |
              | Value:  	task ':init' |
        + model
              | Type:   	org.gradle.api.reporting.model.ModelReport |
              | Origin: 	tasks.addPlaceholderAction(model) |
              | Value:  	task ':model' |
        + projects
              | Type:   	org.gradle.api.tasks.diagnostics.ProjectReportTask |
              | Origin: 	tasks.addPlaceholderAction(projects) |
              | Value:  	task ':projects' |
        + properties
              | Type:   	org.gradle.api.tasks.diagnostics.PropertyReportTask |
              | Origin: 	tasks.addPlaceholderAction(properties) |
              | Value:  	task ':properties' |
        + tasks
              | Type:   	org.gradle.api.tasks.diagnostics.TaskReportTask |
              | Origin: 	tasks.addPlaceholderAction(tasks) |
              | Value:  	task ':tasks' |
        + wrapper
              | Type:   	org.gradle.api.tasks.wrapper.Wrapper |
              | Origin: 	tasks.addPlaceholderAction(wrapper) |
              | Value:  	task ':wrapper' |
