
------------------------------------------------------------
Root project
------------------------------------------------------------

No configurations

------------------------------------------------------------
Project :api - The shared API for the application
------------------------------------------------------------

compile
\--- org.codehaus.groovy:groovy-all:2.4.10

testCompile
\--- junit:junit:4.12
     \--- org.hamcrest:hamcrest-core:1.3

------------------------------------------------------------
Project :webapp - The Web application implementation
------------------------------------------------------------

compile
+--- project :api
|    \--- org.codehaus.groovy:groovy-all:2.4.10
\--- commons-io:commons-io:1.2

testCompile
No dependencies
