:components

------------------------------------------------------------
Root project
------------------------------------------------------------

JVM library 'main'
------------------

Source sets
    Java source 'main:java'
        srcDir: src/main/java
    Java source 'main:mySourceSet'
        srcDir: src/main/mySourceSet
    JVM resources 'main:resources'
        srcDir: src/main/resources

Binaries
    Jar 'main:jar'
        build using task: :mainJar
        target platform: java7
        tool chain: JDK 7 (1.7)
        classes dir: build/classes/main/jar
        resources dir: build/resources/main/jar
        API Jar file: build/jars/main/jar/api/main.jar
        Jar file: build/jars/main/jar/main.jar

Note: currently not all plugins register their components, so some components may not be visible here.

BUILD SUCCESSFUL

Total time: 1 secs
