
> Task :core:clean UP-TO-DATE

> Task :server:clean UP-TO-DATE

> Task :core:compileMainJava5JarMainJava

> Task :core:processMainJava5JarMainResources

> Task :core:mainJava5ApiJar

> Task :server:compileMainJava5JarMainJava

> Task :server:createMainJava5Jar

> Task :server:mainJava5ApiJar

> Task :server:mainJava5Jar

> Task :core:compileMainJava6JarMainJava

> Task :core:compileMainJava6JarMainJava6JarJava

> Task :core:processMainJava6JarMainResources

> Task :core:mainJava6ApiJar

> Task :server:compileMainJava6JarMainJava

> Task :server:createMainJava6Jar

> Task :server:mainJava6ApiJar

> Task :server:mainJava6Jar

> Task :server:assemble

> Task :server:check UP-TO-DATE

> Task :server:build

BUILD SUCCESSFUL in 0s
15 actionable tasks: 13 executed, 2 up-to-date
