:dependCompileOperatorsTestPassingCUnitExeOperatorsC
:compileOperatorsTestPassingCUnitExeOperatorsC
:operatorsTestCUnitLauncher
:dependCompileOperatorsTestPassingCUnitExeOperatorsTestC
:compileOperatorsTestPassingCUnitExeOperatorsTestC
:dependCompileOperatorsTestPassingCUnitExeOperatorsTestCunitLauncher
:compileOperatorsTestPassingCUnitExeOperatorsTestCunitLauncher
:linkOperatorsTestPassingCUnitExe
:operatorsTestPassingCUnitExe
:installOperatorsTestPassingCUnitExe
:runOperatorsTestPassingCUnitExe
:checkOperatorsTestPassingCUnitExe
:buildDependentsOperatorsTestPassingCUnitExe
:dependCompileOperatorsPassingStaticLibraryOperatorsC
:compileOperatorsPassingStaticLibraryOperatorsC
:createOperatorsPassingStaticLibrary
:operatorsPassingStaticLibrary
:buildDependentsOperatorsPassingStaticLibrary

BUILD SUCCESSFUL in 0s
13 actionable tasks: 13 executed
