
------------------------------------------------------------
All tasks runnable from root project
------------------------------------------------------------

Default tasks: dists

[incubating] Build Setup tasks
------------------------------
setupBuild - [incubating] Initializes a new project.

Build tasks
-----------
clean - Deletes the build directory (build)
dists - Builds the distribution
libs - Builds the JAR

Help tasks
----------
dependencies - Displays all dependencies declared in root project 'projectReports'.
dependencyInsight - Displays the insight into a specific dependency in root project 'projectReports'.
help - Displays a help message
projects - Displays the sub-projects of root project 'projectReports'.
properties - Displays the properties of root project 'projectReports'.
tasks - Displays the tasks runnable from root project 'projectReports' (some of the displayed tasks may belong to subprojects).

To see all tasks and more detail, run with --all.
